<?xml version="1.0" encoding="UTF-8"?>
<!-- Generated by org.testng.reporters.JUnitReportReporter -->
<testsuite hostname="MATUS-LENOVO" name="com.evolveum.polygon.test.slsfrc.Testclass" tests="1" failures="0" timestamp="9 Jun 2016 13:10:50 GMT" time="0.009" errors="0">
  <testcase name="testClass" time="0.009" classname="com.evolveum.polygon.test.slsfrc.Testclass"/>
</testsuite> <!-- com.evolveum.polygon.test.slsfrc.Testclass -->
