<?xml version="1.0" encoding="UTF-8"?>
<!-- Generated by org.testng.reporters.JUnitReportReporter -->
<testsuite hostname="MATUS-LENOVO" name="com.evolveum.polygon.test.slsfrc.Testclass" tests="1" failures="0" timestamp="26 May 2016 12:54:34 GMT" time="0.010" errors="0">
  <testcase name="testClass" time="0.010" classname="com.evolveum.polygon.test.slsfrc.Testclass"/>
</testsuite> <!-- com.evolveum.polygon.test.slsfrc.Testclass -->
