<?xml version="1.0" encoding="UTF-8"?>
<!-- Generated by org.testng.reporters.JUnitReportReporter -->
<testsuite hostname="MATUS-LENOVO" name="com.evolveum.polygon.test.slsfrc.Testclass" tests="1" failures="0" timestamp="30 May 2016 14:49:25 GMT" time="0.012" errors="0">
  <testcase name="testClass" time="0.012" classname="com.evolveum.polygon.test.slsfrc.Testclass"/>
</testsuite> <!-- com.evolveum.polygon.test.slsfrc.Testclass -->
