<?xml version="1.0" encoding="UTF-8"?>
<!-- Generated by org.testng.reporters.JUnitReportReporter -->
<testsuite hostname="MATUS-LENOVO" name="com.test.slsfrc.salesfrcTest.AppTest" tests="1" failures="0" timestamp="29 Apr 2016 07:28:24 GMT" time="0.018" errors="0">
  <testcase name="testApp" time="0.018" classname="com.test.slsfrc.salesfrcTest.AppTest"/>
</testsuite> <!-- com.test.slsfrc.salesfrcTest.AppTest -->
