<?xml version="1.0" encoding="UTF-8"?>
<!-- Generated by org.testng.reporters.JUnitReportReporter -->
<testsuite hostname="MATUS-LENOVO" name="com.evolveum.polygon.test.slsfrc.AppTest" tests="1" failures="0" timestamp="1 Jul 2016 12:22:52 GMT" time="0.002" errors="0">
  <testcase name="testApp" time="0.002" classname="com.evolveum.polygon.test.slsfrc.AppTest"/>
</testsuite> <!-- com.evolveum.polygon.test.slsfrc.AppTest -->
