<?xml version="1.0" encoding="UTF-8"?>
<!-- Generated by org.testng.reporters.JUnitReportReporter -->
<testsuite hostname="MATUS-LENOVO" name="com.evolveum.polygon.test.slsfrc.AppTest" tests="1" failures="0" timestamp="20 Jun 2016 10:59:11 GMT" time="0.001" errors="0">
  <testcase name="testApp" time="0.001" classname="com.evolveum.polygon.test.slsfrc.AppTest"/>
</testsuite> <!-- com.evolveum.polygon.test.slsfrc.AppTest -->
