<?xml version="1.0" encoding="UTF-8"?>
<!-- Generated by org.testng.reporters.JUnitReportReporter -->
<testsuite hostname="MATUS-LENOVO" name="com.evolveum.polygon.test.scim.Testclass" tests="3" failures="0" timestamp="25 Jul 2016 10:14:51 GMT" time="13.057" errors="0">
  <testcase name="configurationTest" time="3.757" classname="com.evolveum.polygon.test.scim.Testclass"/>
  <testcase name="filterMethodTest" time="3.306" classname="com.evolveum.polygon.test.scim.Testclass"/>
  <testcase name="deletetObjectfromResourcesTest" time="5.994" classname="com.evolveum.polygon.test.scim.Testclass"/>
</testsuite> <!-- com.evolveum.polygon.test.scim.Testclass -->
