<?xml version="1.0" encoding="UTF-8"?>
<!-- Generated by org.testng.reporters.JUnitReportReporter -->
<testsuite hostname="MATUS-LENOVO" name="com.evolveum.polygon.test.scim.Testclass" tests="21" failures="1" timestamp="11 Aug 2016 12:34:49 GMT" time="16.107" errors="1">
  <testcase name="createObjectOnResourcesTest" time="0.568" classname="com.evolveum.polygon.test.scim.Testclass"/>
  <testcase name="listAllfromResourcesTest" time="0.992" classname="com.evolveum.polygon.test.scim.Testclass"/>
  <testcase name="filterMethodTest" time="0.325" classname="com.evolveum.polygon.test.scim.Testclass"/>
  <testcase name="filterMethodTest" time="0.744" classname="com.evolveum.polygon.test.scim.Testclass"/>
  <testcase name="filterMethodTest" time="0.491" classname="com.evolveum.polygon.test.scim.Testclass"/>
  <testcase name="filterMethodTest" time="0.771" classname="com.evolveum.polygon.test.scim.Testclass"/>
  <testcase name="deleteObjectfromResourcesTest" time="0.006" classname="com.evolveum.polygon.test.scim.Testclass">
    <failure type="java.lang.AssertionError" message="expected [true] but found [false]">
      <![CDATA[java.lang.AssertionError: expected [true] but found [false]
	at org.testng.Assert.fail(Assert.java:94)
	at org.testng.Assert.failNotEquals(Assert.java:494)
	at org.testng.Assert.assertTrue(Assert.java:42)
	at org.testng.Assert.assertTrue(Assert.java:52)
	at com.evolveum.polygon.test.scim.Testclass.deleteObjectfromResourcesTest(Testclass.java:214)
	at com.evolveum.polygon.test.scim.Testclass.cleanup(Testclass.java:196)
	at sun.reflect.GeneratedMethodAccessor1.invoke(Unknown Source)
	at sun.reflect.DelegatingMethodAccessorImpl.invoke(DelegatingMethodAccessorImpl.java:43)
	at java.lang.reflect.Method.invoke(Method.java:498)
	at org.testng.internal.MethodInvocationHelper.invokeMethod(MethodInvocationHelper.java:80)
	at org.testng.internal.Invoker.invokeConfigurationMethod(Invoker.java:564)
	at org.testng.internal.Invoker.invokeConfigurations(Invoker.java:213)
	at org.testng.internal.Invoker.invokeMethod(Invoker.java:786)
	at org.testng.internal.Invoker.invokeTestMethod(Invoker.java:901)
	at org.testng.internal.Invoker.invokeTestMethods(Invoker.java:1231)
	at org.testng.internal.TestMethodWorker.invokeTestMethods(TestMethodWorker.java:127)
	at org.testng.internal.TestMethodWorker.run(TestMethodWorker.java:111)
	at org.testng.TestRunner.privateRun(TestRunner.java:767)
	at org.testng.TestRunner.run(TestRunner.java:617)
	at org.testng.SuiteRunner.runTest(SuiteRunner.java:334)
	at org.testng.SuiteRunner.runSequentially(SuiteRunner.java:329)
	at org.testng.SuiteRunner.privateRun(SuiteRunner.java:291)
	at org.testng.SuiteRunner.run(SuiteRunner.java:240)
	at org.testng.SuiteRunnerWorker.runSuite(SuiteRunnerWorker.java:52)
	at org.testng.SuiteRunnerWorker.run(SuiteRunnerWorker.java:86)
	at org.testng.TestNG.runSuitesSequentially(TestNG.java:1198)
	at org.testng.TestNG.runSuitesLocally(TestNG.java:1123)
	at org.testng.TestNG.run(TestNG.java:1031)
	at org.testng.remote.AbstractRemoteTestNG.run(AbstractRemoteTestNG.java:126)
	at org.testng.remote.RemoteTestNG.initAndRun(RemoteTestNG.java:137)
	at org.testng.remote.RemoteTestNG.main(RemoteTestNG.java:58)
]]>
    </failure>
  </testcase> <!-- deleteObjectfromResourcesTest -->
  <testcase name="filterMethodTest" time="0.953" classname="com.evolveum.polygon.test.scim.Testclass"/>
  <testcase name="updateUserResourceObjectTest" time="0.341" classname="com.evolveum.polygon.test.scim.Testclass"/>
  <testcase name="updateUserResourceObjectTest" time="0.588" classname="com.evolveum.polygon.test.scim.Testclass"/>
  <testcase name="filterMethodTest" time="1.020" classname="com.evolveum.polygon.test.scim.Testclass"/>
  <testcase name="updateGroupResourceObjectTest" time="0.592" classname="com.evolveum.polygon.test.scim.Testclass"/>
  <testcase name="configurationTest" time="2.554" classname="com.evolveum.polygon.test.scim.Testclass"/>
  <testcase name="updateUserResourceObjectTest" time="0.609" classname="com.evolveum.polygon.test.scim.Testclass"/>
  <testcase name="filterMethodTest" time="0.568" classname="com.evolveum.polygon.test.scim.Testclass"/>
  <testcase name="filterMethodTest" time="1.065" classname="com.evolveum.polygon.test.scim.Testclass"/>
  <testcase name="createObjectOnResourcesTest" time="0.772" classname="com.evolveum.polygon.test.scim.Testclass"/>
  <testcase name="updateUserResourceObjectTest" time="0.627" classname="com.evolveum.polygon.test.scim.Testclass"/>
  <testcase name="updateGroupResourceObjectTest" time="0.634" classname="com.evolveum.polygon.test.scim.Testclass"/>
  <testcase name="deleteObjectfromResourcesTest" time="0.914" classname="com.evolveum.polygon.test.scim.Testclass">
    <error type="java.lang.AssertionError" message="expected [true] but found [false]">
      <![CDATA[java.lang.AssertionError: expected [true] but found [false]
	at org.testng.Assert.fail(Assert.java:94)
	at org.testng.Assert.failNotEquals(Assert.java:494)
	at org.testng.Assert.assertTrue(Assert.java:42)
	at org.testng.Assert.assertTrue(Assert.java:52)
	at com.evolveum.polygon.test.scim.Testclass.deleteObjectfromResourcesTest(Testclass.java:214)
	at sun.reflect.NativeMethodAccessorImpl.invoke0(Native Method)
	at sun.reflect.NativeMethodAccessorImpl.invoke(NativeMethodAccessorImpl.java:62)
	at sun.reflect.DelegatingMethodAccessorImpl.invoke(DelegatingMethodAccessorImpl.java:43)
	at java.lang.reflect.Method.invoke(Method.java:498)
	at org.testng.internal.MethodInvocationHelper.invokeMethod(MethodInvocationHelper.java:80)
	at org.testng.internal.Invoker.invokeMethod(Invoker.java:714)
	at org.testng.internal.Invoker.invokeTestMethod(Invoker.java:901)
	at org.testng.internal.Invoker.invokeTestMethods(Invoker.java:1231)
	at org.testng.internal.TestMethodWorker.invokeTestMethods(TestMethodWorker.java:127)
	at org.testng.internal.TestMethodWorker.run(TestMethodWorker.java:111)
	at org.testng.TestRunner.privateRun(TestRunner.java:767)
	at org.testng.TestRunner.run(TestRunner.java:617)
	at org.testng.SuiteRunner.runTest(SuiteRunner.java:334)
	at org.testng.SuiteRunner.runSequentially(SuiteRunner.java:329)
	at org.testng.SuiteRunner.privateRun(SuiteRunner.java:291)
	at org.testng.SuiteRunner.run(SuiteRunner.java:240)
	at org.testng.SuiteRunnerWorker.runSuite(SuiteRunnerWorker.java:52)
	at org.testng.SuiteRunnerWorker.run(SuiteRunnerWorker.java:86)
	at org.testng.TestNG.runSuitesSequentially(TestNG.java:1198)
	at org.testng.TestNG.runSuitesLocally(TestNG.java:1123)
	at org.testng.TestNG.run(TestNG.java:1031)
	at org.testng.remote.AbstractRemoteTestNG.run(AbstractRemoteTestNG.java:126)
	at org.testng.remote.RemoteTestNG.initAndRun(RemoteTestNG.java:137)
	at org.testng.remote.RemoteTestNG.main(RemoteTestNG.java:58)
]]>
    </error>
  </testcase> <!-- deleteObjectfromResourcesTest -->
  <testcase name="listAllfromResourcesTest" time="0.973" classname="com.evolveum.polygon.test.scim.Testclass"/>
</testsuite> <!-- com.evolveum.polygon.test.scim.Testclass -->
